<?xml version="1.0" encoding="UTF-8"?>
<coverage generated="1573389834401" clover="3.2.0">
  <project timestamp="1573389834401" name="All files">
    <metrics statements="22" coveredstatements="22" conditionals="7" coveredconditionals="6" methods="9" coveredmethods="8" elements="38" coveredelements="36" complexity="0" loc="22" ncloc="22" packages="1" files="1" classes="1">
      <file name="ja-api.ts" path="/Users/janberka/Desktop/ja-api-2/src/ja-api.ts">
        <metrics statements="22" coveredstatements="22" conditionals="7" coveredconditionals="6" methods="9" coveredmethods="8"/>
        <line num="1" count="1" type="stmt"/>
        <line num="2" count="1" type="cond" truecount="2" falsecount="0"/>
        <line num="15" count="1" type="stmt"/>
        <line num="16" count="1" type="stmt"/>
        <line num="18" count="4" type="stmt"/>
        <line num="20" count="1" type="stmt"/>
        <line num="21" count="4" type="stmt"/>
        <line num="26" count="4" type="stmt"/>
        <line num="29" count="1" type="stmt"/>
        <line num="30" count="4" type="stmt"/>
        <line num="31" count="4" type="stmt"/>
        <line num="32" count="4" type="stmt"/>
        <line num="35" count="1" type="stmt"/>
        <line num="37" count="1" type="stmt"/>
        <line num="39" count="1" type="stmt"/>
        <line num="40" count="1" type="stmt"/>
        <line num="41" count="1" type="stmt"/>
        <line num="47" count="1" type="stmt"/>
        <line num="48" count="1" type="stmt"/>
        <line num="49" count="1" type="stmt"/>
        <line num="55" count="1" type="stmt"/>
        <line num="58" count="1" type="stmt"/>
      </file>
    </metrics>
  </project>
</coverage>
