{"/Users/janberka/Desktop/ja-api-2/src/ja-api.ts": {"path":"/Users/janberka/Desktop/ja-api-2/src/ja-api.ts","statementMap":{"0":{"start":{"line":1,"column":0},"end":{"line":1,"column":48}},"1":{"start":{"line":2,"column":15},"end":{"line":2,"column":49}},"2":{"start":{"line":15,"column":13},"end":{"line":56,"column":1}},"3":{"start":{"line":15,"column":28},"end":{"line":15,"column":32}},"4":{"start":{"line":15,"column":34},"end":{"line":15,"column":49}},"5":{"start":{"line":16,"column":20},"end":{"line":16,"column":31}},"6":{"start":{"line":18,"column":17},"end":{"line":18,"column":51}},"7":{"start":{"line":18,"column":34},"end":{"line":18,"column":51}},"8":{"start":{"line":20,"column":18},"end":{"line":27,"column":3}},"9":{"start":{"line":21,"column":17},"end":{"line":24,"column":5}},"10":{"start":{"line":26,"column":4},"end":{"line":26,"column":31}},"11":{"start":{"line":29,"column":18},"end":{"line":33,"column":3}},"12":{"start":{"line":30,"column":16},"end":{"line":30,"column":30}},"13":{"start":{"line":31,"column":17},"end":{"line":31,"column":33}},"14":{"start":{"line":32,"column":4},"end":{"line":32,"column":47}},"15":{"start":{"line":32,"column":38},"end":{"line":32,"column":46}},"16":{"start":{"line":35,"column":14},"end":{"line":35,"column":43}},"17":{"start":{"line":35,"column":31},"end":{"line":35,"column":43}},"18":{"start":{"line":37,"column":17},"end":{"line":37,"column":68}},"19":{"start":{"line":37,"column":34},"end":{"line":37,"column":68}},"20":{"start":{"line":39,"column":15},"end":{"line":45,"column":3}},"21":{"start":{"line":40,"column":17},"end":{"line":40,"column":37}},"22":{"start":{"line":41,"column":4},"end":{"line":44,"column":6}},"23":{"start":{"line":47,"column":14},"end":{"line":53,"column":3}},"24":{"start":{"line":48,"column":17},"end":{"line":48,"column":37}},"25":{"start":{"line":49,"column":4},"end":{"line":52,"column":6}},"26":{"start":{"line":55,"column":2},"end":{"line":55,"column":35}},"27":{"start":{"line":58,"column":0},"end":{"line":58,"column":24}}},"fnMap":{"0":{"name":"(anonymous_2)","decl":{"start":{"line":15,"column":25},"end":{"line":15,"column":25}},"loc":{"start":{"line":15,"column":63},"end":{"line":56,"column":1}}},"1":{"name":"(anonymous_3)","decl":{"start":{"line":18,"column":17},"end":{"line":18,"column":17}},"loc":{"start":{"line":18,"column":29},"end":{"line":18,"column":51}}},"2":{"name":"(anonymous_4)","decl":{"start":{"line":20,"column":18},"end":{"line":20,"column":18}},"loc":{"start":{"line":20,"column":36},"end":{"line":27,"column":3}}},"3":{"name":"(anonymous_5)","decl":{"start":{"line":29,"column":18},"end":{"line":29,"column":18}},"loc":{"start":{"line":29,"column":55},"end":{"line":33,"column":3}}},"4":{"name":"(anonymous_6)","decl":{"start":{"line":32,"column":33},"end":{"line":32,"column":32}},"loc":{"start":{"line":32,"column":34},"end":{"line":32,"column":46}}},"5":{"name":"(anonymous_7)","decl":{"start":{"line":35,"column":14},"end":{"line":35,"column":14}},"loc":{"start":{"line":35,"column":26},"end":{"line":35,"column":43}}},"6":{"name":"(anonymous_8)","decl":{"start":{"line":37,"column":17},"end":{"line":37,"column":17}},"loc":{"start":{"line":37,"column":29},"end":{"line":37,"column":68}}},"7":{"name":"(anonymous_9)","decl":{"start":{"line":39,"column":15},"end":{"line":39,"column":15}},"loc":{"start":{"line":39,"column":41},"end":{"line":45,"column":3}}},"8":{"name":"(anonymous_10)","decl":{"start":{"line":47,"column":14},"end":{"line":47,"column":14}},"loc":{"start":{"line":47,"column":40},"end":{"line":53,"column":3}}}},"branchMap":{"0":{"loc":{"start":{"line":2,"column":15},"end":{"line":2,"column":34}},"type":"binary-expr","locations":[{"start":{"line":2,"column":15},"end":{"line":2,"column":34}},{"start":{"line":2,"column":38},"end":{"line":2,"column":49}}]},"1":{"loc":{"start":{"line":22,"column":11},"end":{"line":22,"column":15}},"type":"binary-expr","locations":[{"start":{"line":22,"column":11},"end":{"line":22,"column":15}},{"start":{"line":22,"column":19},"end":{"line":22,"column":31}},{"start":{"line":22,"column":36},"end":{"line":22,"column":38}}]},"2":{"loc":{"start":{"line":23,"column":21},"end":{"line":23,"column":39}},"type":"cond-expr","locations":[{"start":{"line":23,"column":21},"end":{"line":23,"column":39}},{"start":{"line":23,"column":42},"end":{"line":23,"column":44}}]}},"s":{"0":1,"1":1,"2":1,"3":1,"4":1,"5":1,"6":1,"7":4,"8":1,"9":4,"10":4,"11":1,"12":4,"13":4,"14":4,"15":0,"16":1,"17":1,"18":1,"19":1,"20":1,"21":1,"22":1,"23":1,"24":1,"25":1,"26":1,"27":1},"f":{"0":1,"1":4,"2":4,"3":4,"4":0,"5":1,"6":1,"7":1,"8":1},"b":{"0":[1,1],"1":[4,3,4],"2":[0,4]}}
}
