TN:
SF:/Users/janberka/Desktop/ja-api-2/src/ja-api.ts
FN:15,(anonymous_2)
FN:18,(anonymous_3)
FN:20,(anonymous_4)
FN:29,(anonymous_5)
FN:32,(anonymous_6)
FN:35,(anonymous_7)
FN:37,(anonymous_8)
FN:39,(anonymous_9)
FN:47,(anonymous_10)
FNF:9
FNH:8
FNDA:1,(anonymous_2)
FNDA:4,(anonymous_3)
FNDA:4,(anonymous_4)
FNDA:4,(anonymous_5)
FNDA:0,(anonymous_6)
FNDA:1,(anonymous_7)
FNDA:1,(anonymous_8)
FNDA:1,(anonymous_9)
FNDA:1,(anonymous_10)
DA:1,1
DA:2,1
DA:15,1
DA:16,1
DA:18,4
DA:20,1
DA:21,4
DA:26,4
DA:29,1
DA:30,4
DA:31,4
DA:32,4
DA:35,1
DA:37,1
DA:39,1
DA:40,1
DA:41,1
DA:47,1
DA:48,1
DA:49,1
DA:55,1
DA:58,1
LF:22
LH:22
BRDA:2,0,0,1
BRDA:2,0,1,1
BRDA:22,1,0,4
BRDA:22,1,1,3
BRDA:22,1,2,4
BRDA:23,2,0,0
BRDA:23,2,1,4
BRF:7
BRH:6
end_of_record
